2015/05/07 11:47:39 [error] [system.db.CDbCommand] CDbCommand::fetchAll() failed: SQLSTATE[42S02]: Base table or view not found: 1146 Table 'gekko.tbl_migration' doesn't exist. The SQL statement executed was: SHOW FULL COLUMNS FROM `tbl_migration`.
2015/05/07 11:47:56 [error] [php] date(): It is not safe to rely on the system's timezone settings. You are *required* to use the date.timezone setting or the date_default_timezone_set() function. In case you used any of those methods and you are still getting this warning, you most likely misspelled the timezone identifier. We selected the timezone 'UTC' for now, but please set date.timezone to select your timezone. (D:\Server\data\htdocs\yii\otpusk\protected\modules\user\models\User.php:77)
Stack trace:
#0 D:\Server\data\htdocs\yii\framework\base\CModel.php(260): User->createValidators()
#1 D:\Server\data\htdocs\yii\framework\base\CModel.php(158): User->getValidators()
#2 D:\Server\data\htdocs\yii\otpusk\protected\modules\user\migrations\m110805_153437_installYiiUser.php(246): User->validate()
#3 D:\Server\data\htdocs\yii\otpusk\protected\modules\user\migrations\m110805_153437_installYiiUser.php(156): m110805_153437_installYiiUser->readStdinUser()
#4 D:\Server\data\htdocs\yii\framework\db\CDbMigration.php(53): m110805_153437_installYiiUser->safeUp()
#5 D:\Server\data\htdocs\yii\framework\cli\commands\MigrateCommand.php(385): m110805_153437_installYiiUser->up()
#6 D:\Server\data\htdocs\yii\framework\cli\commands\MigrateCommand.php(109): MigrateCommand->migrateUp()
#7 unknown(0): MigrateCommand->actionUp()
#8 D:\Server\data\htdocs\yii\framework\console\CConsoleCommand.php(172): ReflectionMethod->invokeArgs()
#9 D:\Server\data\htdocs\yii\framework\console\CConsoleCommandRunner.php(71): MigrateCommand->run()
#10 D:\Server\data\htdocs\yii\framework\console\CConsoleApplication.php(92): CConsoleCommandRunner->run()
#11 D:\Server\data\htdocs\yii\framework\base\CApplication.php(180): CConsoleApplication->processRequest()
#12 D:\Server\data\htdocs\yii\framework\yiic.php(33): CConsoleApplication->run()
#13 D:\Server\data\htdocs\yii\otpusk\protected\yiic.php(7): require_once()

2015/05/07 14:50:50 [error] [system.db.CDbCommand] CDbCommand::execute() failed: SQLSTATE[42S02]: Base table or view not found: 1146 Table 'gekko.tbl_migration' doesn't exist. The SQL statement executed was: INSERT INTO `tbl_migration` (`version`, `apply_time`) VALUES (:version, :apply_time).
2015/05/07 14:50:50 [error] [exception.CDbException] exception 'CDbException' with message 'CDbCommand failed to execute the SQL statement: SQLSTATE[42S02]: Base table or view not found: 1146 Table 'gekko.tbl_migration' doesn't exist. The SQL statement executed was: INSERT INTO `tbl_migration` (`version`, `apply_time`) VALUES (:version, :apply_time)' in D:\Server\data\htdocs\yii\framework\db\CDbCommand.php:358
Stack trace:
#0 D:\Server\data\htdocs\yii\framework\db\CDbCommand.php(1250): CDbCommand->execute(Array)
#1 D:\Server\data\htdocs\yii\framework\cli\commands\MigrateCommand.php(390): CDbCommand->insert('tbl_migration', Array)
#2 D:\Server\data\htdocs\yii\framework\cli\commands\MigrateCommand.php(109): MigrateCommand->migrateUp('m110805_153437_...')
#3 [internal function]: MigrateCommand->actionUp(Array)
#4 D:\Server\data\htdocs\yii\framework\console\CConsoleCommand.php(172): ReflectionMethod->invokeArgs(Object(MigrateCommand), Array)
#5 D:\Server\data\htdocs\yii\framework\console\CConsoleCommandRunner.php(71): CConsoleCommand->run(Array)
#6 D:\Server\data\htdocs\yii\framework\console\CConsoleApplication.php(92): CConsoleCommandRunner->run(Array)
#7 D:\Server\data\htdocs\yii\framework\base\CApplication.php(180): CConsoleApplication->processRequest()
#8 D:\Server\data\htdocs\yii\framework\yiic.php(33): CApplication->run()
#9 D:\Server\data\htdocs\yii\otpusk\protected\yiic.php(7): require_once('D:\\Server\\data\\...')
#10 {main}
---
2015/05/07 14:51:42 [error] [system.db.CDbCommand] CDbCommand::fetchAll() failed: SQLSTATE[42S02]: Base table or view not found: 1146 Table 'gekko.tbl_migration' doesn't exist. The SQL statement executed was: SHOW FULL COLUMNS FROM `tbl_migration`.
2015/05/07 14:52:31 [error] [system.db.CDbCommand] CDbCommand::execute() failed: SQLSTATE[42S01]: Base table or view already exists: 1050 Table '{{users}}' already exists. The SQL statement executed was: CREATE TABLE `{{users}}` (
	`id` int(11) NOT NULL AUTO_INCREMENT PRIMARY KEY,
	`username` varchar(20) NOT NULL DEFAULT '',
	`password` varchar(128) NOT NULL DEFAULT '',
	`email` varchar(128) NOT NULL DEFAULT '',
	`activkey` varchar(128) NOT NULL DEFAULT '',
	`createtime` int(10) NOT NULL DEFAULT 0,
	`lastvisit` int(10) NOT NULL DEFAULT 0,
	`superuser` int(1) NOT NULL DEFAULT 0,
	`status` int(1) NOT NULL DEFAULT 0
) ENGINE=InnoDB CHARSET=utf8.
2015/05/07 14:53:09 [error] [system.db.CDbCommand] CDbCommand::fetchAll() failed: SQLSTATE[42S02]: Base table or view not found: 1146 Table 'gekko.tbl_migration' doesn't exist. The SQL statement executed was: SHOW FULL COLUMNS FROM `tbl_migration`.
2015/05/07 14:56:17 [error] [system.db.CDbCommand] CDbCommand::fetchAll() failed: SQLSTATE[42S02]: Base table or view not found: 1146 Table 'gekko.tbl_migration' doesn't exist. The SQL statement executed was: SHOW FULL COLUMNS FROM `tbl_migration`.
2015/05/07 14:57:51 [error] [php] require_once(D:\Server\data\htdocs\yii\otpusk\protected\migrations\m110810_162301_userTimestampFix.php): failed to open stream: No such file or directory (D:\Server\data\htdocs\yii\framework\cli\commands\MigrateCommand.php:428)
Stack trace:
#0 D:\Server\data\htdocs\yii\framework\cli\commands\MigrateCommand.php(145): MigrateCommand->migrateDown()
#1 unknown(0): MigrateCommand->actionDown()
#2 D:\Server\data\htdocs\yii\framework\console\CConsoleCommand.php(172): ReflectionMethod->invokeArgs()
#3 D:\Server\data\htdocs\yii\framework\console\CConsoleCommandRunner.php(71): MigrateCommand->run()
#4 D:\Server\data\htdocs\yii\framework\console\CConsoleApplication.php(92): CConsoleCommandRunner->run()
#5 D:\Server\data\htdocs\yii\framework\base\CApplication.php(180): CConsoleApplication->processRequest()
#6 D:\Server\data\htdocs\yii\framework\yiic.php(33): CConsoleApplication->run()
#7 D:\Server\data\htdocs\yii\otpusk\protected\yiic.php(7): require_once()

2015/05/07 14:58:06 [error] [system.db.CDbCommand] CDbCommand::fetchAll() failed: SQLSTATE[42S02]: Base table or view not found: 1146 Table 'gekko.tbl_migration' doesn't exist. The SQL statement executed was: SHOW FULL COLUMNS FROM `tbl_migration`.
2015/05/07 15:06:22 [error] [exception.CDbException] exception 'CDbException' with message 'CDbConnection failed to open the DB connection: SQLSTATE[HY000] [1049] Unknown database 'testdrive'' in D:\Server\data\htdocs\yii\framework\db\CDbConnection.php:382
Stack trace:
#0 D:\Server\data\htdocs\yii\framework\db\CDbConnection.php(330): CDbConnection->open()
#1 D:\Server\data\htdocs\yii\framework\db\CDbConnection.php(308): CDbConnection->setActive(true)
#2 D:\Server\data\htdocs\yii\framework\base\CModule.php(387): CDbConnection->init()
#3 D:\Server\data\htdocs\yii\framework\base\CApplication.php(450): CModule->getComponent('db')
#4 D:\Server\data\htdocs\yii\framework\db\ar\CActiveRecord.php(634): CApplication->getDb()
#5 D:\Server\data\htdocs\yii\framework\db\ar\CActiveRecord.php(2361): CActiveRecord->getDbConnection()
#6 D:\Server\data\htdocs\yii\framework\db\ar\CActiveRecord.php(411): CActiveRecordMetaData->__construct(Object(User))
#7 D:\Server\data\htdocs\yii\framework\db\ar\CActiveRecord.php(212): CActiveRecord->getMetaData()
#8 D:\Server\data\htdocs\yii\otpusk\protected\modules\user\components\UserIdentity.php(27): CActiveRecord->__call('notsafe', Array)
#9 D:\Server\data\htdocs\yii\otpusk\protected\modules\user\components\UserIdentity.php(27): User->notsafe()
#10 D:\Server\data\htdocs\yii\otpusk\protected\models\LoginForm.php(52): UserIdentity->authenticate()
#11 D:\Server\data\htdocs\yii\framework\validators\CInlineValidator.php(42): LoginForm->authenticate('password', Array)
#12 D:\Server\data\htdocs\yii\framework\validators\CValidator.php(213): CInlineValidator->validateAttribute(Object(LoginForm), 'password')
#13 D:\Server\data\htdocs\yii\framework\base\CModel.php(159): CValidator->validate(Object(LoginForm), NULL)
#14 D:\Server\data\htdocs\yii\otpusk\protected\controllers\SiteController.php(94): CModel->validate()
#15 D:\Server\data\htdocs\yii\framework\web\actions\CInlineAction.php(49): SiteController->actionLogin()
#16 D:\Server\data\htdocs\yii\framework\web\CController.php(308): CInlineAction->runWithParams(Array)
#17 D:\Server\data\htdocs\yii\framework\web\CController.php(286): CController->runAction(Object(CInlineAction))
#18 D:\Server\data\htdocs\yii\framework\web\CController.php(265): CController->runActionWithFilters(Object(CInlineAction), Array)
#19 D:\Server\data\htdocs\yii\framework\web\CWebApplication.php(282): CController->run('login')
#20 D:\Server\data\htdocs\yii\framework\web\CWebApplication.php(141): CWebApplication->runController('site/login')
#21 D:\Server\data\htdocs\yii\framework\base\CApplication.php(180): CWebApplication->processRequest()
#22 D:\Server\data\htdocs\yii\otpusk\index.php(13): CApplication->run()
#23 {main}
REQUEST_URI=/index.php?r=site/login
HTTP_REFERER=http://otpusk/index.php?r=site/login
---
2015/05/07 15:14:40 [error] [exception.CException] exception 'CException' with message 'Property "WebUser.isAdmin" is not defined.' in D:\Server\data\htdocs\yii\framework\base\CComponent.php:130
Stack trace:
#0 D:\Server\data\htdocs\yii\framework\web\auth\CWebUser.php(146): CComponent->__get('isAdmin')
#1 D:\Server\data\htdocs\yii\otpusk\protected\views\layouts\main.php(38): CWebUser->__get('isAdmin')
#2 D:\Server\data\htdocs\yii\framework\web\CBaseController.php(126): require('D:\\Server\\data\\...')
#3 D:\Server\data\htdocs\yii\framework\web\CBaseController.php(95): CBaseController->renderInternal('D:\\Server\\data\\...', Array, true)
#4 D:\Server\data\htdocs\yii\framework\web\widgets\CContentDecorator.php(76): CBaseController->renderFile('D:\\Server\\data\\...', Array, true)
#5 D:\Server\data\htdocs\yii\framework\web\widgets\CContentDecorator.php(54): CContentDecorator->decorate('<div class="spa...')
#6 D:\Server\data\htdocs\yii\framework\web\widgets\COutputProcessor.php(44): CContentDecorator->processOutput('<div class="spa...')
#7 D:\Server\data\htdocs\yii\framework\web\CBaseController.php(206): COutputProcessor->run()
#8 D:\Server\data\htdocs\yii\framework\web\CBaseController.php(300): CBaseController->endWidget('CContentDecorat...')
#9 D:\Server\data\htdocs\yii\otpusk\protected\views\layouts\column2.php(22): CBaseController->endContent()
#10 D:\Server\data\htdocs\yii\framework\web\CBaseController.php(126): require('D:\\Server\\data\\...')
#11 D:\Server\data\htdocs\yii\framework\web\CBaseController.php(95): CBaseController->renderInternal('D:\\Server\\data\\...', Array, true)
#12 D:\Server\data\htdocs\yii\framework\web\CController.php(784): CBaseController->renderFile('D:\\Server\\data\\...', Array, true)
#13 D:\Server\data\htdocs\yii\otpusk\protected\modules\user\controllers\AdminController.php(48): CController->render('index', Array)
#14 D:\Server\data\htdocs\yii\framework\web\actions\CInlineAction.php(49): AdminController->actionAdmin()
#15 D:\Server\data\htdocs\yii\framework\web\CController.php(308): CInlineAction->runWithParams(Array)
#16 D:\Server\data\htdocs\yii\framework\web\filters\CFilterChain.php(133): CController->runAction(Object(CInlineAction))
#17 D:\Server\data\htdocs\yii\framework\web\filters\CFilter.php(40): CFilterChain->run()
#18 D:\Server\data\htdocs\yii\framework\web\CController.php(1145): CFilter->filter(Object(CFilterChain))
#19 D:\Server\data\htdocs\yii\framework\web\filters\CInlineFilter.php(58): CController->filterAccessControl(Object(CFilterChain))
#20 D:\Server\data\htdocs\yii\framework\web\filters\CFilterChain.php(130): CInlineFilter->filter(Object(CFilterChain))
#21 D:\Server\data\htdocs\yii\framework\web\CController.php(291): CFilterChain->run()
#22 D:\Server\data\htdocs\yii\framework\web\CController.php(265): CController->runActionWithFilters(Object(CInlineAction), Array)
#23 D:\Server\data\htdocs\yii\framework\web\CWebApplication.php(282): CController->run('')
#24 D:\Server\data\htdocs\yii\framework\web\CWebApplication.php(141): CWebApplication->runController('user/admin')
#25 D:\Server\data\htdocs\yii\framework\base\CApplication.php(180): CWebApplication->processRequest()
#26 D:\Server\data\htdocs\yii\otpusk\index.php(13): CApplication->run()
#27 {main}
REQUEST_URI=/index.php?r=user/admin
HTTP_REFERER=http://otpusk/index.php?r=user/profile
---
